INFO:root:I'm sorry, but I don't have enough information to give you a step-by-step explanation. The context you provided does not mention anything about using qp to represent item selection based on parameters bounded between 0-1. Can you please provide more specific information or clarify your question?
INFO:root:Quantum probability is a mathematical framework used to describe the behavior of quantum systems. It involves assigning probabilities to different outcomes of measurements performed on quantum systems.

Here is a step-by-step explanation of quantum probability:

1. Quantum Systems: In quantum mechanics, physical systems are described by wavefunctions. A wavefunction represents the state of a quantum system and contains information about the probabilities of different outcomes when measurements are made.

2. Superposition: One of the key features of quantum systems is superposition. This means that a quantum system can exist in multiple states simultaneously. For example, a qubit (quantum bit) can be in a superposition of being both 0 and 1 at the same time.

3. Measurement: When a measurement is made on a quantum system, the wavefunction "collapses" into one of the possible outcomes. The outcome of a measurement is probabilistic, meaning that we can only predict the probability of obtaining a particular result.

4. Probability Amplitudes: To calculate the probabilities of different outcomes, we use probability amplitudes. A probability amplitude is a complex number associated with each possible outcome of a measurement. The magnitude squared of the probability amplitude gives the probability of obtaining that particular outcome.

5. Normalization: The sum of the squared magnitudes of all the probability amplitudes for all possible outcomes must be equal to 1. This is known as the normalization condition and ensures that the total probability of obtaining any outcome is 1.

6. Interference: Another important concept in quantum probability is interference. When two or more probability amplitudes interfere constructively, the probabilities add up. Conversely, when they interfere destructively, the probabilities cancel out.

7. Measurement Statistics: To obtain meaningful results from quantum probability, we need to perform measurements on a large number of identical quantum systems. By repeating the measurements many times, we can gather statistical data and determine the probabilities of different outcomes.

8. Quantum States: The probabilities of different outcomes are associated with the quantum states of the system. The state of a quantum system is represented by a vector in a mathematical space called a Hilbert space. The probabilities of different outcomes correspond to the squared magnitudes of the components of the state vector.

Overall, quantum probability provides a mathematical framework to describe the behavior of quantum systems and predict the probabilities of different outcomes when measurements are made. It is a fundamental concept in quantum mechanics and plays a crucial role in understanding and manipulating quantum systems.
INFO:root:Unfortunately, the given context does not provide specific information on how to use quantum probability to represent the selection of items based on parameters bounded between 0-1. The context primarily discusses topics such as algorithmic probability, gate sets, circuit depth, and quantum complexity. It does not directly address the use of quantum probability for item selection based on parameters.

However, in quantum computing, quantum probability can be used to represent the likelihood of different outcomes occurring in a quantum system. This probability is derived from the state of the quantum system, which is described by a mathematical object called a quantum state vector.

To represent item selection based on parameters bounded between 0-1 using quantum probability, you would need to define a quantum system that represents the items and their corresponding parameters. The parameters could be encoded as quantum states or properties of the quantum system.

Once the quantum system is defined, you can manipulate and measure its quantum state to extract probabilistic information. The probabilities obtained from the measurement outcomes can then be used to make decisions about item selection based on the given parameters.

It is important to note that the specific implementation and techniques for using quantum probability in item selection would depend on the problem at hand and the available quantum computing resources. Without further information, it is not possible to provide a step-by-step explanation for your specific scenario.
INFO:root:Based on the given context, there is no specific information or explanation provided about defining a quantum system that represents items and their corresponding scores between 0-1. Therefore, it is not possible to provide a step-by-step explanation or definition for such a quantum system.
INFO:root:To define a quantum system that represents several scores bounded between 0 and 1 and is used to make a selection, we can follow these steps:

1. Representation of Scores: We need to represent the scores as quantum states. In quantum computing, quantum states are represented as vectors in a complex vector space. Since the scores are bounded between 0 and 1, we can represent each score as an amplitude of a quantum state. For example, if we have three scores, we can represent them as a three-dimensional quantum state vector:

|ψ⟩ = α|0⟩ + β|1⟩ + γ|2⟩

Here, α, β, and γ are the amplitudes of the quantum state corresponding to each score.

2. Normalization: To ensure that the amplitudes of the quantum state represent probabilities, we need to normalize the state vector. The sum of the squares of the amplitudes should equal 1. This normalization condition ensures that the total probability of all possible scores is equal to 1.

|α|^2 + |β|^2 + |γ|^2 = 1

3. Quantum Gates: To manipulate and perform operations on the quantum state representing the scores, we can use quantum gates. Quantum gates are mathematical operations that act on the state vector. Different gates can be used to perform various transformations on the state vector, such as rotations, flips, or swaps.

4. Measurement: After performing operations on the quantum state, we can measure the state to obtain a specific score. Measurement in quantum computing involves collapsing the quantum state into one of its possible classical states with a certain probability. The probability of obtaining a particular score is proportional to the square of its amplitude in the quantum state.

5. Selection: Based on the measurement results, we can select the score with the highest probability as the chosen score. This selection process can be done using classical post-processing techniques on the measurement outcomes.

It's important to note that the actual implementation and details of the quantum system will depend on the specific quantum computing platform and the quantum programming language being used. The steps outlined above provide a general framework for representing and manipulating scores using a quantum system.
INFO:root:Based on the given context, it seems that the text is discussing a research paper or a technical document related to quantum computing. However, the context provided is not sufficient to determine the specific topic or purpose of the document. Without more information or specific questions, it is difficult to provide a step-by-step explanation of the content.
INFO:root:I apologize, but as a language model AI, I don't have the capability to remember past conversations. Each interaction is treated as a separate and independent conversation. Is there something specific you would like me to explain or discuss?
INFO:root:I'm sorry, but I don't have access to specific files or logs. Is there anything else I can help you with?
ERROR:asyncio:Task was destroyed but it is pending!
task: <Task pending name='Task-1' coro=<Kernel.poll_control_queue() running at /Users/kjams/Library/Python/3.11/lib/python/site-packages/ipykernel/kernelbase.py:287> wait_for=<Future pending cb=[Task.task_wakeup()]> cb=[_chain_future.<locals>._call_set_state() at /usr/local/Cellar/python@3.11/3.11.5/Frameworks/Python.framework/Versions/3.11/lib/python3.11/asyncio/futures.py:394]>
INFO:sentence_transformers.SentenceTransformer:Load pretrained SentenceTransformer: facebook-dpr-ctx_encoder-multiset-base
INFO:sentence_transformers.SentenceTransformer:Use pytorch device: cpu
INFO:sentence_transformers.SentenceTransformer:Load pretrained SentenceTransformer: facebook-dpr-ctx_encoder-multiset-base
INFO:sentence_transformers.SentenceTransformer:Use pytorch device: cpu
INFO:sentence_transformers.SentenceTransformer:Load pretrained SentenceTransformer: facebook-dpr-ctx_encoder-multiset-base
INFO:sentence_transformers.SentenceTransformer:Use pytorch device: cpu
INFO:sentence_transformers.SentenceTransformer:Load pretrained SentenceTransformer: facebook-dpr-ctx_encoder-multiset-base
INFO:sentence_transformers.SentenceTransformer:Use pytorch device: cpu
INFO:chromadb.telemetry.posthog:Anonymized telemetry enabled. See https://docs.trychroma.com/telemetry for more information.
INFO:root:To represent quantum probability, we use a gate set, which is a collection of quantum gates that can be applied to qubits. The gate set allows us to manipulate the state of the qubits and perform calculations.

Here is a step-by-step explanation of the plan to represent quantum probability:

1. Choose a universal gate set: In order to perform any desired quantum operation, we need a gate set that is computationally universal. This means that we can combine gates from the set to create any desired logic circuit or perform any desired unitary transformation. Examples of universal gate sets include the Hadamard gate (H), the T gate (T), and the controlled-X gate (CX).

2. Apply the Solovay-Kitaev theorem: The Solovay-Kitaev theorem is a classical algorithm that allows us to compile an arbitrary single-qubit gate into a sequence of gates from a fixed and finite gate set. This algorithm runs efficiently and produces a sequence of gates that approximates the desired quantum gate with a specified accuracy. The theorem can also be generalized to apply to multi-qubit gates.

3. Enumerate the number of programs: The number of programs refers to the number of possible combinations and sequences of gates that can be applied to the qubits. This enumeration is independent of the specific gate set used and is based on the number of target qubits each gate in the set acts on. By plotting the growth of the number of programs with qubit count and circuit depth, we can analyze the efficiency and scalability of the gate set.

4. Consider the trade-off: Representing quantum probability using a gate set involves a trade-off between the countably infinite space of all possible unitary operations and the finite number of gates in the set. The aim is to approximate all possible unitary operations with a sequence of gates from the gate set, while maintaining a bound on the quality of the approximation. This trade-off is similar to representing all real numbers using digits of a specific numeral base.

Overall, the plan to represent quantum probability involves choosing a universal gate set, applying the Solovay-Kitaev theorem for gate compilation, enumerating the number of programs, and considering the trade-off between the infinite space of possible operations and the finite gate set.
ERROR:asyncio:Task was destroyed but it is pending!
task: <Task pending name='Task-1' coro=<Kernel.poll_control_queue() running at /Users/kjams/Library/Python/3.11/lib/python/site-packages/ipykernel/kernelbase.py:287> wait_for=<Future pending cb=[Task.task_wakeup()]> cb=[_chain_future.<locals>._call_set_state() at /usr/local/Cellar/python@3.11/3.11.5/Frameworks/Python.framework/Versions/3.11/lib/python3.11/asyncio/futures.py:394]>
