INFO:chromadb.telemetry.posthog:Anonymized telemetry enabled. See https://docs.trychroma.com/telemetry for more information.
INFO:sentence_transformers.SentenceTransformer:Load pretrained SentenceTransformer: facebook-dpr-ctx_encoder-multiset-base
INFO:sentence_transformers.SentenceTransformer:Use pytorch device: cpu
INFO:sentence_transformers.SentenceTransformer:Load pretrained SentenceTransformer: facebook-dpr-ctx_encoder-multiset-base
INFO:sentence_transformers.SentenceTransformer:Use pytorch device: cpu
INFO:chromadb.telemetry.posthog:Anonymized telemetry enabled. See https://docs.trychroma.com/telemetry for more information.
INFO:root:I'm sorry, but I don't have a name. I am just an AI assistant here to help answer your questions.
INFO:root:I'm sorry, but I am an AI language model and do not have a name.
INFO:root:I don't have access to that information.
INFO:root:I don't have enough information to determine who wrote the given context.
INFO:root:I'm sorry, but without more specific information about the book you're referring to, I cannot determine its main point. Could you please provide more context or the title of the book?
INFO:root:Part one is about the complex aspects of the notion of time and how they can potentially lead to the dissolution of the whole reality when considering the interaction between oneself and a glass of water.
INFO:root:Once upon a time, in a small village, there lived a group of curious children named Alice, Bob, and Charlie. They were always eager to learn and explore new concepts. One sunny day, they stumbled upon a mysterious old book in the attic of their school library. The book was filled with knowledge about time and how it relates to the world around us.

Intrigued by the concept of time, the children decided to embark on a quest to understand it better. They gathered in their secret hideout, where they had a whiteboard and a stack of colorful markers. They brainstormed ideas and drew diagrams to visualize their understanding.

Alice, being the creative one, drew a timeline on the whiteboard. She explained that time is like a river, constantly flowing from the past to the future. She used arrows to represent the direction of time and labeled different points on the timeline as past, present, and future.

Bob, the logical thinker, suggested using Python code to represent the notion of time. He explained that in Python, we can use the `datetime` module to work with dates and times. He opened his laptop and started writing a simple Python program to demonstrate this.

```python
import datetime

# Get the current date and time
current_time = datetime.datetime.now()

# Print the current time
print("The current time is:", current_time)

# Create a specific date and time
specific_time = datetime.datetime(2022, 1, 1, 12, 0, 0)

# Print the specific time
print("A specific time is:", specific_time)
```

Charlie, the practical one, suggested an analogy to help everyone understand the concept better. He compared time to a train journey. He explained that just like a train moves from one station to another, time also moves from one moment to the next. Each moment is like a station on the timeline, and we can measure the duration between them.

The children continued their discussion, asking questions, and exploring different aspects of time. They realized that time is not just a linear concept but also influenced by various factors like perception, relativity, and the human mind.

As the sun set, the children concluded their quest for the day. Although they didn't have all the answers, they had gained a deeper understanding of time. They decided to continue their exploration, knowing that there was still much more to learn.

And so, Alice, Bob, and Charlie continued their journey of understanding time, using their creativity, logic, and practicality to unravel its mysteries.

Note: The Python code provided is a simple demonstration of how to work with dates and times using the `datetime` module. It showcases getting the current time and creating a specific time. Please note that this code is just a starting point and can be expanded upon to perform more advanced operations with time in Python.
INFO:root:Sure! Here's an example of a Python class that represents a quantum system:

```python
class QuantumSystem:
    def __init__(self, num_qubits):
        self.num_qubits = num_qubits
        self.state_vector = [0] * (2 ** num_qubits)
    
    def set_state(self, state):
        if len(state) == 2 ** self.num_qubits:
            self.state_vector = state
        else:
            print("Invalid state dimensions.")
    
    def measure(self):
        # Perform measurement on the quantum system
        # and return the measurement result
        pass
    
    def apply_gate(self, gate):
        # Apply a quantum gate operation to the system
        pass
```

This class initializes a quantum system with a given number of qubits. It has methods to set the state of the system, perform measurements, and apply quantum gate operations. Please note that the implementation of the `measure` and `apply_gate` methods is omitted and should be filled in according to the specific requirements of the quantum system.
INFO:root:I'm sorry, but I don't have enough information to answer your question. Could you please provide more details or clarify what you are asking?
INFO:root:Sure! Here's a Python class that represents a quantum probability:

```python
class QuantumProbability:
    def __init__(self, parameters):
        self.parameters = parameters
        
    def get_most_likely_state(self):
        # Calculate the most likely quantum state based on the parameters
        # You can implement your own logic here
        
        # For example, if the parameter with the highest value is p_max, 
        # then the most likely quantum state can be represented as |p_max>
        p_max = max(self.parameters)
        most_likely_state = f"|{p_max}>"
        
        return most_likely_state
```

You can create an instance of this class by passing in a list of parameters bounded between 0 and 1. Then, you can call the `get_most_likely_state()` method to retrieve the most likely quantum state representation based on those parameters.

Here's an example usage:

```python
parameters = [0.2, 0.6, 0.3]
quantum_prob = QuantumProbability(parameters)
most_likely_state = quantum_prob.get_most_likely_state()
print(most_likely_state)  # Output: |0.6>
```

Note that the logic for determining the most likely quantum state is not implemented in the code snippet above. You would need to define your own logic based on your specific requirements.
INFO:sentence_transformers.SentenceTransformer:Load pretrained SentenceTransformer: facebook-dpr-ctx_encoder-multiset-base
INFO:sentence_transformers.SentenceTransformer:Use pytorch device: cpu
INFO:sentence_transformers.SentenceTransformer:Load pretrained SentenceTransformer: facebook-dpr-ctx_encoder-multiset-base
INFO:sentence_transformers.SentenceTransformer:Use pytorch device: cpu
INFO:chromadb.telemetry.posthog:Anonymized telemetry enabled. See https://docs.trychroma.com/telemetry for more information.
INFO:root:The implementation of the `get_most_likely_state` method in the Python class would be as follows:

```python
def get_most_likely_state(self) -> str:
    """
    Calculate the most likely quantum state based on the parameters.
    
    :return: Most likely quantum state represented as a string.
    """
    p_max = max(self.states)
    most_likely_state = f"|{p_max}>"
    
    return most_likely_state
```

This implementation finds the maximum value in the `self.states` list and represents it as the most likely quantum state using the string formatting syntax. The resulting state is returned as a string.
INFO:root:I'm sorry, but there is no mention of a Python class in the given context.
INFO:root:Part two is about the interaction between the speaker and a glass of water, specifically exploring the complex aspects of the notion of time and how to describe the interaction between the two entities.
INFO:root:I'm sorry, but I don't understand what you're asking. Can you please rephrase your question?
INFO:root:I'm sorry, but I don't have enough information to answer your question.
INFO:root:I'm sorry, but I don't understand what you're asking. Can you please rephrase your question?
INFO:root:I'm sorry, but I don't have enough information to answer your question.
INFO:root:I'm sorry, but I don't see a specific question in your input. Can you please provide a question or clarify what you would like to know?
INFO:root:I'm sorry, but I don't understand your question. Can you please provide more context or clarify what you would like to know?
INFO:root:I'm sorry, but I don't have enough information to answer your question.
INFO:root:I'm sorry, but I don't have enough information to answer your question. Can you please provide more context or clarify your question?
