INFO:sentence_transformers.SentenceTransformer:Load pretrained SentenceTransformer: facebook-dpr-ctx_encoder-multiset-base
INFO:sentence_transformers.SentenceTransformer:Use pytorch device: cpu
INFO:sentence_transformers.SentenceTransformer:Load pretrained SentenceTransformer: facebook-dpr-ctx_encoder-multiset-base
INFO:sentence_transformers.SentenceTransformer:Use pytorch device: cpu
INFO:sentence_transformers.SentenceTransformer:Load pretrained SentenceTransformer: facebook-dpr-ctx_encoder-multiset-base
INFO:sentence_transformers.SentenceTransformer:Use pytorch device: cpu
INFO:sentence_transformers.SentenceTransformer:Load pretrained SentenceTransformer: facebook-dpr-ctx_encoder-multiset-base
INFO:sentence_transformers.SentenceTransformer:Use pytorch device: cpu
INFO:sentence_transformers.SentenceTransformer:Load pretrained SentenceTransformer: facebook-dpr-ctx_encoder-multiset-base
INFO:sentence_transformers.SentenceTransformer:Use pytorch device: cpu
INFO:sentence_transformers.SentenceTransformer:Load pretrained SentenceTransformer: facebook-dpr-ctx_encoder-multiset-base
INFO:sentence_transformers.SentenceTransformer:Use pytorch device: cpu
INFO:chromadb.telemetry.posthog:Anonymized telemetry enabled. See https://docs.trychroma.com/telemetry for more information.
INFO:chromadb.telemetry.posthog:Anonymized telemetry enabled. See https://docs.trychroma.com/telemetry for more information.
INFO:chromadb.telemetry.posthog:Anonymized telemetry enabled. See https://docs.trychroma.com/telemetry for more information.
INFO:chromadb.telemetry.posthog:Anonymized telemetry enabled. See https://docs.trychroma.com/telemetry for more information.
INFO:sentence_transformers.SentenceTransformer:Load pretrained SentenceTransformer: facebook-dpr-ctx_encoder-multiset-base
INFO:sentence_transformers.SentenceTransformer:Use pytorch device: cpu
INFO:sentence_transformers.SentenceTransformer:Load pretrained SentenceTransformer: facebook-dpr-ctx_encoder-multiset-base
INFO:sentence_transformers.SentenceTransformer:Use pytorch device: cpu
INFO:sentence_transformers.SentenceTransformer:Load pretrained SentenceTransformer: facebook-dpr-ctx_encoder-multiset-base
INFO:sentence_transformers.SentenceTransformer:Use pytorch device: cpu
INFO:sentence_transformers.SentenceTransformer:Load pretrained SentenceTransformer: facebook-dpr-ctx_encoder-multiset-base
INFO:sentence_transformers.SentenceTransformer:Use pytorch device: cpu
INFO:sentence_transformers.SentenceTransformer:Load pretrained SentenceTransformer: facebook-dpr-ctx_encoder-multiset-base
INFO:sentence_transformers.SentenceTransformer:Use pytorch device: cpu
INFO:sentence_transformers.SentenceTransformer:Load pretrained SentenceTransformer: facebook-dpr-ctx_encoder-multiset-base
INFO:sentence_transformers.SentenceTransformer:Use pytorch device: cpu
INFO:chromadb.telemetry.posthog:Anonymized telemetry enabled. See https://docs.trychroma.com/telemetry for more information.
INFO:chromadb.telemetry.posthog:Anonymized telemetry enabled. See https://docs.trychroma.com/telemetry for more information.
INFO:chromadb.telemetry.posthog:Anonymized telemetry enabled. See https://docs.trychroma.com/telemetry for more information.
INFO:chromadb.telemetry.posthog:Anonymized telemetry enabled. See https://docs.trychroma.com/telemetry for more information.
INFO:sentence_transformers.SentenceTransformer:Load pretrained SentenceTransformer: facebook-dpr-ctx_encoder-multiset-base
INFO:sentence_transformers.SentenceTransformer:Use pytorch device: cpu
INFO:sentence_transformers.SentenceTransformer:Load pretrained SentenceTransformer: facebook-dpr-ctx_encoder-multiset-base
INFO:sentence_transformers.SentenceTransformer:Use pytorch device: cpu
INFO:sentence_transformers.SentenceTransformer:Load pretrained SentenceTransformer: facebook-dpr-ctx_encoder-multiset-base
INFO:sentence_transformers.SentenceTransformer:Use pytorch device: cpu
INFO:sentence_transformers.SentenceTransformer:Load pretrained SentenceTransformer: facebook-dpr-ctx_encoder-multiset-base
INFO:sentence_transformers.SentenceTransformer:Use pytorch device: cpu
INFO:sentence_transformers.SentenceTransformer:Load pretrained SentenceTransformer: facebook-dpr-ctx_encoder-multiset-base
INFO:sentence_transformers.SentenceTransformer:Use pytorch device: cpu
INFO:sentence_transformers.SentenceTransformer:Load pretrained SentenceTransformer: facebook-dpr-ctx_encoder-multiset-base
INFO:sentence_transformers.SentenceTransformer:Use pytorch device: cpu
INFO:sentence_transformers.SentenceTransformer:Load pretrained SentenceTransformer: facebook-dpr-ctx_encoder-multiset-base
INFO:sentence_transformers.SentenceTransformer:Use pytorch device: cpu
INFO:sentence_transformers.SentenceTransformer:Load pretrained SentenceTransformer: facebook-dpr-ctx_encoder-multiset-base
INFO:sentence_transformers.SentenceTransformer:Use pytorch device: cpu
INFO:sentence_transformers.SentenceTransformer:Load pretrained SentenceTransformer: facebook-dpr-ctx_encoder-multiset-base
INFO:sentence_transformers.SentenceTransformer:Use pytorch device: cpu
INFO:sentence_transformers.SentenceTransformer:Load pretrained SentenceTransformer: facebook-dpr-ctx_encoder-multiset-base
INFO:sentence_transformers.SentenceTransformer:Use pytorch device: cpu
INFO:sentence_transformers.SentenceTransformer:Load pretrained SentenceTransformer: facebook-dpr-ctx_encoder-multiset-base
INFO:sentence_transformers.SentenceTransformer:Use pytorch device: cpu
INFO:sentence_transformers.SentenceTransformer:Load pretrained SentenceTransformer: facebook-dpr-ctx_encoder-multiset-base
INFO:sentence_transformers.SentenceTransformer:Use pytorch device: cpu
INFO:sentence_transformers.SentenceTransformer:Load pretrained SentenceTransformer: facebook-dpr-ctx_encoder-multiset-base
INFO:sentence_transformers.SentenceTransformer:Use pytorch device: cpu
INFO:sentence_transformers.SentenceTransformer:Load pretrained SentenceTransformer: facebook-dpr-ctx_encoder-multiset-base
INFO:sentence_transformers.SentenceTransformer:Use pytorch device: cpu
INFO:sentence_transformers.SentenceTransformer:Load pretrained SentenceTransformer: facebook-dpr-ctx_encoder-multiset-base
INFO:sentence_transformers.SentenceTransformer:Use pytorch device: cpu
INFO:sentence_transformers.SentenceTransformer:Load pretrained SentenceTransformer: facebook-dpr-ctx_encoder-multiset-base
INFO:sentence_transformers.SentenceTransformer:Use pytorch device: cpu
INFO:sentence_transformers.SentenceTransformer:Load pretrained SentenceTransformer: facebook-dpr-ctx_encoder-multiset-base
INFO:sentence_transformers.SentenceTransformer:Use pytorch device: cpu
INFO:sentence_transformers.SentenceTransformer:Load pretrained SentenceTransformer: facebook-dpr-ctx_encoder-multiset-base
INFO:sentence_transformers.SentenceTransformer:Use pytorch device: cpu
INFO:chromadb.telemetry.posthog:Anonymized telemetry enabled. See https://docs.trychroma.com/telemetry for more information.
INFO:chromadb.telemetry.posthog:Anonymized telemetry enabled. See https://docs.trychroma.com/telemetry for more information.
INFO:chromadb.telemetry.posthog:Anonymized telemetry enabled. See https://docs.trychroma.com/telemetry for more information.
INFO:sentence_transformers.SentenceTransformer:Load pretrained SentenceTransformer: facebook-dpr-ctx_encoder-multiset-base
INFO:sentence_transformers.SentenceTransformer:Use pytorch device: cpu
INFO:sentence_transformers.SentenceTransformer:Load pretrained SentenceTransformer: facebook-dpr-ctx_encoder-multiset-base
INFO:sentence_transformers.SentenceTransformer:Use pytorch device: cpu
INFO:sentence_transformers.SentenceTransformer:Load pretrained SentenceTransformer: facebook-dpr-ctx_encoder-multiset-base
INFO:sentence_transformers.SentenceTransformer:Use pytorch device: cpu
INFO:sentence_transformers.SentenceTransformer:Load pretrained SentenceTransformer: facebook-dpr-ctx_encoder-multiset-base
INFO:sentence_transformers.SentenceTransformer:Use pytorch device: cpu
INFO:sentence_transformers.SentenceTransformer:Load pretrained SentenceTransformer: facebook-dpr-ctx_encoder-multiset-base
INFO:sentence_transformers.SentenceTransformer:Use pytorch device: cpu
INFO:sentence_transformers.SentenceTransformer:Load pretrained SentenceTransformer: facebook-dpr-ctx_encoder-multiset-base
INFO:sentence_transformers.SentenceTransformer:Use pytorch device: cpu
INFO:chromadb.telemetry.posthog:Anonymized telemetry enabled. See https://docs.trychroma.com/telemetry for more information.
INFO:chromadb.telemetry.posthog:Anonymized telemetry enabled. See https://docs.trychroma.com/telemetry for more information.
INFO:chromadb.telemetry.posthog:Anonymized telemetry enabled. See https://docs.trychroma.com/telemetry for more information.
INFO:sentence_transformers.SentenceTransformer:Load pretrained SentenceTransformer: facebook-dpr-ctx_encoder-multiset-base
INFO:sentence_transformers.SentenceTransformer:Use pytorch device: cpu
INFO:sentence_transformers.SentenceTransformer:Load pretrained SentenceTransformer: facebook-dpr-ctx_encoder-multiset-base
INFO:sentence_transformers.SentenceTransformer:Use pytorch device: cpu
INFO:sentence_transformers.SentenceTransformer:Load pretrained SentenceTransformer: facebook-dpr-ctx_encoder-multiset-base
INFO:sentence_transformers.SentenceTransformer:Use pytorch device: cpu
INFO:sentence_transformers.SentenceTransformer:Load pretrained SentenceTransformer: facebook-dpr-ctx_encoder-multiset-base
INFO:sentence_transformers.SentenceTransformer:Use pytorch device: cpu
INFO:sentence_transformers.SentenceTransformer:Load pretrained SentenceTransformer: facebook-dpr-ctx_encoder-multiset-base
INFO:sentence_transformers.SentenceTransformer:Use pytorch device: cpu
INFO:sentence_transformers.SentenceTransformer:Load pretrained SentenceTransformer: facebook-dpr-ctx_encoder-multiset-base
INFO:sentence_transformers.SentenceTransformer:Use pytorch device: cpu
INFO:sentence_transformers.SentenceTransformer:Load pretrained SentenceTransformer: facebook-dpr-ctx_encoder-multiset-base
INFO:sentence_transformers.SentenceTransformer:Use pytorch device: cpu
INFO:sentence_transformers.SentenceTransformer:Load pretrained SentenceTransformer: facebook-dpr-ctx_encoder-multiset-base
INFO:sentence_transformers.SentenceTransformer:Use pytorch device: cpu
INFO:sentence_transformers.SentenceTransformer:Load pretrained SentenceTransformer: facebook-dpr-ctx_encoder-multiset-base
INFO:sentence_transformers.SentenceTransformer:Use pytorch device: cpu
INFO:sentence_transformers.SentenceTransformer:Load pretrained SentenceTransformer: facebook-dpr-ctx_encoder-multiset-base
INFO:sentence_transformers.SentenceTransformer:Use pytorch device: cpu
INFO:sentence_transformers.SentenceTransformer:Load pretrained SentenceTransformer: facebook-dpr-ctx_encoder-multiset-base
INFO:sentence_transformers.SentenceTransformer:Use pytorch device: cpu
INFO:sentence_transformers.SentenceTransformer:Load pretrained SentenceTransformer: facebook-dpr-ctx_encoder-multiset-base
INFO:sentence_transformers.SentenceTransformer:Use pytorch device: cpu
INFO:chromadb.telemetry.posthog:Anonymized telemetry enabled. See https://docs.trychroma.com/telemetry for more information.
INFO:chromadb.telemetry.posthog:Anonymized telemetry enabled. See https://docs.trychroma.com/telemetry for more information.
INFO:chromadb.telemetry.posthog:Anonymized telemetry enabled. See https://docs.trychroma.com/telemetry for more information.
INFO:root:In Python, the best way to represent a Hilbert space depends on the specific requirements and constraints of your problem. However, here are a few common approaches:

1. Numpy arrays: Numpy is a powerful library in Python for numerical computations. You can represent a Hilbert space using multi-dimensional arrays. Each axis can correspond to a different quantum state or basis vector. Numpy provides efficient operations for linear algebra, making it suitable for performing calculations on the Hilbert space.

2. Qutip: Qutip is a popular library in Python specifically designed for quantum information science. It provides high-level abstractions for representing quantum states, operators, and operations. Qutip includes functionalities for constructing and manipulating quantum objects, as well as simulating quantum systems.

3. TensorFlow Quantum (TFQ): TensorFlow Quantum is a newer library that integrates quantum computing with machine learning. It allows you to represent Hilbert spaces using tensor-based data structures called tensors. TFQ offers tools for composing quantum circuits, simulating quantum operations, and training quantum models.

4. Custom classes: Depending on your specific requirements, you can create custom classes in Python to represent a Hilbert space. This approach gives you more flexibility to define the structure and behavior of your quantum objects. You can implement your own methods for state initialization, quantum gates, and measurement operations.

It's important to note that the choice of representation will depend on factors such as the size of the Hilbert space, the complexity of the quantum operations, and the specific libraries or frameworks you are using in your project.
INFO:root:The given context does not provide specific information about the best way to represent Hilbert space in Python. It is possible that the answer may not be mentioned in the provided context.
INFO:root:Based on the given context, there is no specific information about representing Hilbert space in Python. Hence, it is unclear what would be the best way to represent Hilbert space in Python based on the provided information.
INFO:root:Based on the provided context, there is no explicit information about cognitive engineering. Therefore, it would be difficult to provide a step-by-step explanation of what cognitive engineering is.
INFO:root:Based on the given context, there is no explicit mention of "cognitive engineering." Therefore, based on this information, I don't have enough information to provide an answer.
INFO:root:I don't know the answer.
INFO:root:Hilbert space is a mathematical concept that plays a fundamental role in quantum mechanics. It is named after the German mathematician David Hilbert, who made significant contributions to the field of mathematics.

To understand Hilbert space, it is helpful to start with some basic concepts. In quantum mechanics, physical systems are described by mathematical entities called wavefunctions. These wavefunctions are represented by vectors in a vector space. The Hilbert space is a specific type of vector space that has additional structure and properties that are important in quantum mechanics.

Here are some key points to understand about Hilbert space:

1. Vector Space: Hilbert space is a specialized type of vector space. A vector space is a set of vectors that satisfy certain properties, such as closure under addition and scalar multiplication. In Hilbert space, the vectors have complex numbers as components.

2. Inner Product: Hilbert space is equipped with an inner product, which is a mathematical operation that takes two vectors and produces a scalar. The inner product measures the similarity between two vectors. It has properties such as linearity, symmetry, and positive-definiteness.

3. Completeness: Hilbert space is a complete vector space, which means that every Cauchy sequence of vectors in the Hilbert space converges to a vector that is also in the Hilbert space. This property is important for mathematical consistency in quantum mechanics.

4. Infinite Dimensions: Unlike classical vector spaces, which can have finite dimensions (e.g., three-dimensional space), Hilbert space can have infinite dimensions. This allows for a rich and flexible mathematical framework to describe quantum systems of arbitrary complexity.

In quantum mechanics, physical observables, such as position, momentum, and energy, are represented by operators in Hilbert space. The wavefunctions that describe quantum states evolve in time according to a mathematical equation called the Schrödinger equation.

Overall, Hilbert space provides a mathematical framework in which quantum mechanics can be formulated and studied. It allows for the description of quantum states, the calculation of probabilities for different outcomes, and the analysis of quantum systems and their dynamics.
INFO:root:Hilbert space is a concept in mathematics and physics that refers to a complex vector space with certain properties. It is named after the German mathematician David Hilbert. In the context of quantum mechanics, Hilbert space is used to describe the state of a quantum system. It is a mathematical framework that allows for the representation of physical quantities, such as position and momentum, as mathematical operators acting on vectors in the Hilbert space. In simple terms, Hilbert space provides a mathematical structure to describe and analyze quantum phenomena.
INFO:root:Hilbert space is a concept in mathematics that is used to describe a vector space with certain properties. In quantum mechanics, Hilbert space is commonly used to represent the state of a quantum system. It is a complex vector space equipped with an inner product that allows for the measurement of lengths and angles. The dimensions of a Hilbert space can be finite or infinite, and it provides a mathematical framework for describing the superposition and entanglement of quantum states.
INFO:root:I'm sorry, but I'm not able to help with that request.
