INFO:chromadb.telemetry.posthog:Anonymized telemetry enabled. See https://docs.trychroma.com/telemetry for more information.
INFO:root:I'm sorry, but without specific documents or authors mentioned, I cannot provide a step-by-step explanation of what authors wrote those documents. Could you please provide more information or specify which documents and authors you are referring to?
INFO:root:A Hilbert space is a mathematical concept that is widely used in the field of functional analysis. It is a complete inner product space, which means it is a vector space equipped with an inner product that satisfies certain properties.

To explain a Hilbert space step by step, we can break it down into the following components:

1. Vector Space: A Hilbert space is a vector space, which means it is a collection of objects called vectors that can be added together and multiplied by scalars. These vectors can be thought of as points in space.

2. Inner Product: An inner product is a mathematical operation that takes two vectors and produces a scalar. It satisfies properties such as linearity, conjugate symmetry, and positive definiteness. The inner product is used to measure the angle between vectors and to define the length or norm of a vector.

3. Completeness: A Hilbert space is complete, which means that every Cauchy sequence in the space converges to a limit that is also in the space. This property ensures that there are no "missing" points in the space and that it is "filled out" completely.

4. Infinite Dimension: Unlike finite-dimensional vector spaces, a Hilbert space can have an infinite number of dimensions. This allows for more flexibility and generality in mathematical analysis.

Overall, a Hilbert space is a mathematical structure that combines the notions of a vector space and an inner product to form a complete space. It is a fundamental concept in many areas of mathematics and physics, including quantum mechanics and signal processing.
INFO:root:I'm sorry, but I'm not familiar with the specific idea of KBAI in the context of representing Hilbert space in Python. Could you please provide more information or clarify your question?
INFO:root:To create a Python class representing a Hilbert space, you can follow these steps:

Step 1: Import the necessary libraries
```
import numpy as np
```

Step 2: Define the HilbertSpace class
```
class HilbertSpace:
    def __init__(self, dimension):
        self.dimension = dimension
        self.basis = np.eye(dimension)  # Identity matrix as the basis

    def inner_product(self, vector1, vector2):
        return np.inner(vector1, vector2)

    def norm(self, vector):
        return np.linalg.norm(vector)

    def projection(self, vector, basis_vector):
        return np.dot(vector, basis_vector) / np.dot(basis_vector, basis_vector)

    def orthogonalize(self, vectors):
        return np.linalg.qr(vectors)[0]

    def unitary_transform(self, matrix, vector):
        return np.dot(matrix, vector)

    def hermitian_conjugate(self, matrix):
        return np.conjugate(matrix).T
```

Step 3: Test the HilbertSpace class
```
# Create an instance of HilbertSpace
hilbert_space = HilbertSpace(3)

# Test the inner product
vector1 = np.array([1, 2, 3])
vector2 = np.array([4, 5, 6])
print(hilbert_space.inner_product(vector1, vector2))

# Test the norm
vector = np.array([1, 2, 3])
print(hilbert_space.norm(vector))

# Test the projection
vector = np.array([1, 2, 3])
basis_vector = np.array([4, 5, 6])
print(hilbert_space.projection(vector, basis_vector))

# Test the orthogonalize
vectors = np.array([[1, 2, 3], [4, 5, 6], [7, 8, 9]])
print(hilbert_space.orthogonalize(vectors))

# Test the unitary transform
matrix = np.array([[1, 2, 3], [4, 5, 6], [7, 8, 9]])
vector = np.array([1, 2, 3])
print(hilbert_space.unitary_transform(matrix, vector))

# Test the Hermitian conjugate
matrix = np.array([[1, 2, 3], [4, 5, 6], [7, 8, 9]])
print(hilbert_space.hermitian_conjugate(matrix))
```

This class provides basic functionality for a Hilbert space, including inner product, norm, projection, orthogonalization, unitary transformation, and Hermitian conjugate. You can further extend the class based on your specific requirements.
INFO:root:I'm sorry, but I don't have enough information to provide a step-by-step explanation of merging a class with the ideas of Frames in KBAI. Could you please provide more context or specific details about the class and the ideas of Frames in KBAI?
INFO:root:In the context of KBAI (Knowledge-Based Artificial Intelligence), frames refer to a knowledge representation technique. Frames are used to organize and store information about objects or concepts in a hierarchical structure.

Each frame represents a specific object or concept and contains slots or attributes that describe various properties or characteristics of that object or concept. These slots can hold values such as text, numbers, or even other frames.

Frames can be linked together through inheritance relationships, where a child frame inherits the properties and attributes of its parent frame. This allows for the organization of knowledge in a structured and hierarchical manner.

Step by step, here is a breakdown of frames in KBAI:

1. Frames are a knowledge representation technique in KBAI.
2. Frames are used to organize and store information about objects or concepts.
3. Each frame represents a specific object or concept.
4. Frames contain slots or attributes that describe the properties or characteristics of the object or concept.
5. Slots can hold values such as text, numbers, or other frames.
6. Frames can be linked together through inheritance relationships.
7. Inheritance allows for the organization of knowledge in a structured and hierarchical manner.

I hope this helps clarify the concept of frames in KBAI. Let me know if you have any further questions!
INFO:root:To represent a Hilbert space using frames in Python, you can create a Python class as follows:

```python
import numpy as np

class HilbertSpace:
    def __init__(self, dim):
        self.dim = dim
        self.frames = []

    def add_frame(self, frame):
        if len(frame) != self.dim:
            raise ValueError("Frame dimension does not match Hilbert space dimension.")
        self.frames.append(frame)

    def inner_product(self, vec1, vec2):
        if len(vec1) != self.dim or len(vec2) != self.dim:
            raise ValueError("Vector dimensions do not match Hilbert space dimension.")
        inner_prod = np.sum([frame.dot(vec1) * frame.dot(vec2) for frame in self.frames])
        return inner_prod

    def norm(self, vec):
        return np.sqrt(self.inner_product(vec, vec))

    def orthogonalize(self):
        self.frames = np.linalg.qr(self.frames)[0]

    def normalize(self):
        self.frames = [frame / np.linalg.norm(frame) for frame in self.frames]
```

Here's a breakdown of the class:

- The `HilbertSpace` class has an `__init__` method that initializes the dimension of the Hilbert space and an empty list to store the frames.
- The `add_frame` method allows you to add frames to the Hilbert space. Each frame should be a 1-dimensional NumPy array with the same dimension as the Hilbert space.
- The `inner_product` method calculates the inner product between two vectors in the Hilbert space. It uses the dot product of each frame with the input vectors and sums them up.
- The `norm` method calculates the norm of a vector in the Hilbert space using the inner product.
- The `orthogonalize` method orthogonalizes the frames using the QR decomposition.
- The `normalize` method normalizes the frames by dividing each frame by its norm.

Please note that this is a basic implementation and may not cover all aspects of working with Hilbert spaces or frames.
INFO:root:Sure! Here's the previous class rewritten with type hints:

